<?xml version="1.0" encoding="UTF-8"?>
<testsuite xmlns:xsi="http://www.w3.org/2001/XMLSchema-instance" xsi:noNamespaceSchemaLocation="https://maven.apache.org/surefire/maven-surefire-plugin/xsd/surefire-test-report.xsd" version="3.0.2" name="in.armando.travel_agency_back.TravelAgencyBackApplicationTests" time="15.284" tests="1" errors="0" skipped="0" failures="0">
  <properties>
[...]
</properties>
  <testcase name="contextLoads" classname="in.armando.travel_agency_back.TravelAgencyBackApplicationTests" time="0.851">
    <system-out><![CDATA[18:55:58.722 [main] INFO org.springframework.test.context.support.AnnotationConfigContextLoaderUtils -- Could not detect default configuration classes for test class [in.armando.travel_agency_back.TravelAgencyBackApplicationTests]: TravelAgencyBackApplicationTests does not declare any static, non-private, non-final, nested classes annotated with @Configuration.
18:55:58.943 [main] INFO org.springframework.boot.test.context.SpringBootTestContextBootstrapper -- Found @SpringBootConfiguration in.armando.travel_agency_back.TravelAgencyBackApplication for test class in.armando.travel_agency_back.TravelAgencyBackApplicationTests
18:55:59.316 [main] INFO org.springframework.boot.devtools.restart.RestartApplicationListener -- Restart disabled due to context in which it is running

  .   ____          _            __ _ _
 /\\ / ___'_ __ _ _(_)_ __  __ _ \ \ \ \
( ( )\___ | '_ | '_| | '_ \/ _` | \ \ \ \
 \\/  ___)| |_)| | | | | || (_| |  ) ) ) )
  '  |____| .__|_| |_|_| |_\__, | / / / /
 =========|_|==============|___/=/_/_/_/

 :: Spring Boot ::                (v3.4.5)

2025-06-07T18:55:59.832-05:00  INFO 5544 --- [travel_agency_back] [           main] i.a.t.TravelAgencyBackApplicationTests   : Starting TravelAgencyBackApplicationTests using Java 17.0.12 with PID 5544 (started by ASUS in c:\flutter_clones\agency_travel_app\travel_agency_back)
2025-06-07T18:55:59.836-05:00  INFO 5544 --- [travel_agency_back] [           main] i.a.t.TravelAgencyBackApplicationTests   : No active profile set, falling back to 1 default profile: "default"
2025-06-07T18:56:02.006-05:00  INFO 5544 --- [travel_agency_back] [           main] .s.d.r.c.RepositoryConfigurationDelegate : Bootstrapping Spring Data JPA repositories in DEFAULT mode.
2025-06-07T18:56:02.191-05:00  INFO 5544 --- [travel_agency_back] [           main] .s.d.r.c.RepositoryConfigurationDelegate : Finished Spring Data repository scanning in 160 ms. Found 6 JPA repository interfaces.
2025-06-07T18:56:03.508-05:00  INFO 5544 --- [travel_agency_back] [           main] o.hibernate.jpa.internal.util.LogHelper  : HHH000204: Processing PersistenceUnitInfo [name: default]
2025-06-07T18:56:03.617-05:00  INFO 5544 --- [travel_agency_back] [           main] org.hibernate.Version                    : HHH000412: Hibernate ORM core version 6.6.13.Final
2025-06-07T18:56:03.715-05:00  INFO 5544 --- [travel_agency_back] [           main] o.h.c.internal.RegionFactoryInitiator    : HHH000026: Second-level cache disabled
2025-06-07T18:56:04.393-05:00  INFO 5544 --- [travel_agency_back] [           main] o.s.o.j.p.SpringPersistenceUnitInfo      : No LoadTimeWeaver setup: ignoring JPA class transformer
2025-06-07T18:56:04.464-05:00  INFO 5544 --- [travel_agency_back] [           main] com.zaxxer.hikari.HikariDataSource       : HikariPool-1 - Starting...
2025-06-07T18:56:05.098-05:00  INFO 5544 --- [travel_agency_back] [           main] com.zaxxer.hikari.pool.HikariPool        : HikariPool-1 - Added connection com.mysql.cj.jdbc.ConnectionImpl@44392e64
2025-06-07T18:56:05.102-05:00  INFO 5544 --- [travel_agency_back] [           main] com.zaxxer.hikari.HikariDataSource       : HikariPool-1 - Start completed.
2025-06-07T18:56:05.183-05:00  WARN 5544 --- [travel_agency_back] [           main] org.hibernate.orm.deprecation            : HHH90000025: MySQL8Dialect does not need to be specified explicitly using 'hibernate.dialect' (remove the property setting and it will be selected by default)
2025-06-07T18:56:05.186-05:00  WARN 5544 --- [travel_agency_back] [           main] org.hibernate.orm.deprecation            : HHH90000026: MySQL8Dialect has been deprecated; use org.hibernate.dialect.MySQLDialect instead
2025-06-07T18:56:05.231-05:00  INFO 5544 --- [travel_agency_back] [           main] org.hibernate.orm.connections.pooling    : HHH10001005: Database info:
	Database JDBC URL [Connecting through datasource 'HikariDataSource (HikariPool-1)']
	Database driver: undefined/unknown
	Database version: 8.0
	Autocommit mode: undefined/unknown
	Isolation level: undefined/unknown
	Minimum pool size: undefined/unknown
	Maximum pool size: undefined/unknown
2025-06-07T18:56:07.002-05:00  INFO 5544 --- [travel_agency_back] [           main] o.h.e.t.j.p.i.JtaPlatformInitiator       : HHH000489: No JTA platform available (set 'hibernate.transaction.jta.platform' to enable JTA platform integration)
2025-06-07T18:56:07.169-05:00  INFO 5544 --- [travel_agency_back] [           main] j.LocalContainerEntityManagerFactoryBean : Initialized JPA EntityManagerFactory for persistence unit 'default'
2025-06-07T18:56:07.907-05:00  INFO 5544 --- [travel_agency_back] [           main] o.s.d.j.r.query.QueryEnhancerFactory     : Hibernate is in classpath; If applicable, HQL parser will be used.
2025-06-07T18:56:10.010-05:00  WARN 5544 --- [travel_agency_back] [           main] JpaBaseConfiguration$JpaWebConfiguration : spring.jpa.open-in-view is enabled by default. Therefore, database queries may be performed during view rendering. Explicitly configure spring.jpa.open-in-view to disable this warning
2025-06-07T18:56:10.083-05:00  INFO 5544 --- [travel_agency_back] [           main] r$InitializeUserDetailsManagerConfigurer : Global AuthenticationManager configured with UserDetailsService bean with name userDetailService
2025-06-07T18:56:11.278-05:00  INFO 5544 --- [travel_agency_back] [           main] o.s.b.a.e.web.EndpointLinksResolver      : Exposing 1 endpoint beneath base path '/actuator'
2025-06-07T18:56:12.692-05:00  INFO 5544 --- [travel_agency_back] [           main] i.a.t.TravelAgencyBackApplicationTests   : Started TravelAgencyBackApplicationTests in 13.396 seconds (process running for 15.207)
]]></system-out>
  </testcase>
</testsuite>